12.07.2019 18:04:27: Starting Module: main
12.07.2019 18:04:27: Starting Module: createQVectors
12.07.2019 18:04:27: Starting Module: createBinarPixelMap
12.07.2019 18:04:27: Starting to create the Q Vector for given Image
12.07.2019 18:04:27: Starting Module: createBinarPixelMap
12.07.2019 18:04:27: Starting to create the Q Vector for given Image
12.07.2019 18:04:27: the qVecotrs are ready
12.07.2019 18:04:27: Starting Module: calculateWeights
12.07.2019 18:04:27: Starting to calculaate the Weight Matrix for given Image
12.07.2019 18:04:27: Number of Q-Vectors: 2
12.07.2019 18:04:27: Number of dimensions: 225
12.07.2019 18:04:27: Anzahl der Rechenschritte: 101250
12.07.2019 18:04:27: process: 1% at step: 1013 out of 101250   Time needed: 0.0049974918365478516s
12.07.2019 18:04:27: process: 2% at step: 2025 out of 101250   Time needed: 0.004009246826171875s
12.07.2019 18:04:27: process: 3% at step: 3038 out of 101250   Time needed: 0.004865169525146484s
12.07.2019 18:04:27: process: 4% at step: 4050 out of 101250   Time needed: 0.0039975643157958984s
12.07.2019 18:04:27: process: 5% at step: 5063 out of 101250   Time needed: 0.00501251220703125s
12.07.2019 18:04:27: process: 6% at step: 6075 out of 101250   Time needed: 0.002998828887939453s
12.07.2019 18:04:27: process: 7% at step: 7088 out of 101250   Time needed: 0.0040018558502197266s
12.07.2019 18:04:27: process: 8% at step: 8100 out of 101250   Time needed: 0.0039789676666259766s
12.07.2019 18:04:27: process: 9% at step: 9113 out of 101250   Time needed: 0.0040013790130615234s
12.07.2019 18:04:27: process: 10% at step: 10125 out of 101250   Time needed: 0.00399327278137207s
12.07.2019 18:04:27: process: 11% at step: 11138 out of 101250   Time needed: 0.0039975643157958984s
12.07.2019 18:04:27: process: 12% at step: 12150 out of 101250   Time needed: 0.003993511199951172s
12.07.2019 18:04:27: process: 13% at step: 13163 out of 101250   Time needed: 0.0039975643157958984s
12.07.2019 18:04:27: process: 14% at step: 14175 out of 101250   Time needed: 0.0039980411529541016s
12.07.2019 18:04:27: process: 15% at step: 15188 out of 101250   Time needed: 0.003997325897216797s
12.07.2019 18:04:27: process: 16% at step: 16200 out of 101250   Time needed: 0.005012989044189453s
12.07.2019 18:04:27: process: 17% at step: 17213 out of 101250   Time needed: 0.003980398178100586s
12.07.2019 18:04:27: process: 18% at step: 18225 out of 101250   Time needed: 0.003996610641479492s
12.07.2019 18:04:27: process: 19% at step: 19238 out of 101250   Time needed: 0.003980159759521484s
12.07.2019 18:04:27: process: 20% at step: 20250 out of 101250   Time needed: 0.003981828689575195s
12.07.2019 18:04:27: process: 21% at step: 21263 out of 101250   Time needed: 0.0039980411529541016s
12.07.2019 18:04:27: process: 22% at step: 22275 out of 101250   Time needed: 0.0029985904693603516s
12.07.2019 18:04:27: process: 23% at step: 23288 out of 101250   Time needed: 0.003996849060058594s
12.07.2019 18:04:27: process: 24% at step: 24300 out of 101250   Time needed: 0.0040018558502197266s
12.07.2019 18:04:27: process: 25% at step: 25315 out of 101250   Time needed: 0.003993034362792969s
12.07.2019 18:04:27: process: 26% at step: 26325 out of 101250   Time needed: 0.003997802734375s
12.07.2019 18:04:27: process: 27% at step: 27338 out of 101250   Time needed: 0.003993034362792969s
12.07.2019 18:04:27: process: 28% at step: 28350 out of 101250   Time needed: 0.003997325897216797s
12.07.2019 18:04:27: process: 29% at step: 29363 out of 101250   Time needed: 0.004014492034912109s
12.07.2019 18:04:27: process: 30% at step: 30375 out of 101250   Time needed: 0.0039980411529541016s
12.07.2019 18:04:27: process: 31% at step: 31388 out of 101250   Time needed: 0.003997325897216797s
12.07.2019 18:04:27: process: 32% at step: 32400 out of 101250   Time needed: 0.0029985904693603516s
12.07.2019 18:04:27: process: 33% at step: 33413 out of 101250   Time needed: 0.003997802734375s
12.07.2019 18:04:27: process: 34% at step: 34425 out of 101250   Time needed: 0.003998517990112305s
12.07.2019 18:04:27: process: 35% at step: 35438 out of 101250   Time needed: 0.003997087478637695s
12.07.2019 18:04:27: process: 36% at step: 36450 out of 101250   Time needed: 0.003998279571533203s
12.07.2019 18:04:27: process: 37% at step: 37463 out of 101250   Time needed: 0.0039980411529541016s
12.07.2019 18:04:27: process: 38% at step: 38475 out of 101250   Time needed: 0.0039980411529541016s
12.07.2019 18:04:27: process: 39% at step: 39488 out of 101250   Time needed: 0.003997802734375s
12.07.2019 18:04:27: process: 40% at step: 40500 out of 101250   Time needed: 0.0039975643157958984s
12.07.2019 18:04:27: process: 41% at step: 41513 out of 101250   Time needed: 0.003992319107055664s
12.07.2019 18:04:27: process: 42% at step: 42525 out of 101250   Time needed: 0.0049970149993896484s
12.07.2019 18:04:27: process: 43% at step: 43538 out of 101250   Time needed: 0.003997325897216797s
12.07.2019 18:04:27: process: 44% at step: 44550 out of 101250   Time needed: 0.0039980411529541016s
12.07.2019 18:04:27: process: 45% at step: 45563 out of 101250   Time needed: 0.0039980411529541016s
12.07.2019 18:04:27: process: 46% at step: 46575 out of 101250   Time needed: 0.004017353057861328s
12.07.2019 18:04:27: process: 47% at step: 47588 out of 101250   Time needed: 0.0039980411529541016s
12.07.2019 18:04:27: process: 48% at step: 48600 out of 101250   Time needed: 0.0039975643157958984s
12.07.2019 18:04:27: process: 49% at step: 49613 out of 101250   Time needed: 0.003998279571533203s
12.07.2019 18:04:27: process: 50% at step: 50627 out of 101250   Time needed: 0.0040018558502197266s
12.07.2019 18:04:27: process: 51% at step: 51638 out of 101250   Time needed: 0.00399327278137207s
12.07.2019 18:04:27: process: 52% at step: 52650 out of 101250   Time needed: 0.003997802734375s
12.07.2019 18:04:27: process: 53% at step: 53663 out of 101250   Time needed: 0.00499725341796875s
12.07.2019 18:04:27: process: 54% at step: 54675 out of 101250   Time needed: 0.0039980411529541016s
12.07.2019 18:04:27: process: 55% at step: 55688 out of 101250   Time needed: 0.003997802734375s
12.07.2019 18:04:27: process: 56% at step: 56700 out of 101250   Time needed: 0.0039980411529541016s
12.07.2019 18:04:27: process: 57% at step: 57713 out of 101250   Time needed: 0.004012107849121094s
12.07.2019 18:04:27: process: 58% at step: 58725 out of 101250   Time needed: 0.0039825439453125s
12.07.2019 18:04:27: process: 59% at step: 59738 out of 101250   Time needed: 0.004002809524536133s
12.07.2019 18:04:27: process: 60% at step: 60750 out of 101250   Time needed: 0.0039980411529541016s
12.07.2019 18:04:27: process: 61% at step: 61763 out of 101250   Time needed: 0.004015684127807617s
12.07.2019 18:04:27: process: 62% at step: 62775 out of 101250   Time needed: 0.00399327278137207s
12.07.2019 18:04:27: process: 63% at step: 63788 out of 101250   Time needed: 0.004002571105957031s
12.07.2019 18:04:27: process: 64% at step: 64800 out of 101250   Time needed: 0.004992485046386719s
12.07.2019 18:04:27: process: 65% at step: 65813 out of 101250   Time needed: 0.004002571105957031s
12.07.2019 18:04:27: process: 66% at step: 66825 out of 101250   Time needed: 0.0030171871185302734s
12.07.2019 18:04:27: process: 67% at step: 67838 out of 101250   Time needed: 0.0039806365966796875s
12.07.2019 18:04:27: process: 68% at step: 68850 out of 101250   Time needed: 0.004998683929443359s
12.07.2019 18:04:27: process: 69% at step: 69863 out of 101250   Time needed: 0.0049991607666015625s
12.07.2019 18:04:27: process: 70% at step: 70875 out of 101250   Time needed: 0.00600123405456543s
12.07.2019 18:04:27: process: 71% at step: 71888 out of 101250   Time needed: 0.004981040954589844s
12.07.2019 18:04:27: process: 72% at step: 72900 out of 101250   Time needed: 0.005995035171508789s
12.07.2019 18:04:27: process: 73% at step: 73913 out of 101250   Time needed: 0.0039997100830078125s
12.07.2019 18:04:27: process: 74% at step: 74925 out of 101250   Time needed: 0.0040073394775390625s
12.07.2019 18:04:27: process: 75% at step: 75939 out of 101250   Time needed: 0.0033080577850341797s
12.07.2019 18:04:27: process: 76% at step: 76950 out of 101250   Time needed: 0.003997087478637695s
12.07.2019 18:04:27: process: 77% at step: 77963 out of 101250   Time needed: 0.004993915557861328s
12.07.2019 18:04:27: process: 78% at step: 78975 out of 101250   Time needed: 0.004001617431640625s
12.07.2019 18:04:27: process: 79% at step: 79988 out of 101250   Time needed: 0.003992557525634766s
12.07.2019 18:04:27: process: 80% at step: 81000 out of 101250   Time needed: 0.003997325897216797s
12.07.2019 18:04:27: process: 81% at step: 82013 out of 101250   Time needed: 0.005017518997192383s
12.07.2019 18:04:27: process: 82% at step: 83025 out of 101250   Time needed: 0.003978729248046875s
12.07.2019 18:04:27: process: 83% at step: 84038 out of 101250   Time needed: 0.004001617431640625s
12.07.2019 18:04:27: process: 84% at step: 85050 out of 101250   Time needed: 0.0039958953857421875s
12.07.2019 18:04:27: process: 85% at step: 86063 out of 101250   Time needed: 0.004000663757324219s
12.07.2019 18:04:27: process: 86% at step: 87075 out of 101250   Time needed: 0.003992795944213867s
12.07.2019 18:04:27: process: 87% at step: 88088 out of 101250   Time needed: 0.0039975643157958984s
12.07.2019 18:04:27: process: 88% at step: 89100 out of 101250   Time needed: 0.004977226257324219s
12.07.2019 18:04:27: process: 89% at step: 90113 out of 101250   Time needed: 0.003997802734375s
12.07.2019 18:04:27: process: 90% at step: 91125 out of 101250   Time needed: 0.003997325897216797s
12.07.2019 18:04:27: process: 91% at step: 92138 out of 101250   Time needed: 0.0039980411529541016s
12.07.2019 18:04:27: process: 92% at step: 93150 out of 101250   Time needed: 0.0029985904693603516s
12.07.2019 18:04:27: process: 93% at step: 94163 out of 101250   Time needed: 0.003998279571533203s
12.07.2019 18:04:27: process: 94% at step: 95175 out of 101250   Time needed: 0.00401759147644043s
12.07.2019 18:04:27: process: 95% at step: 96188 out of 101250   Time needed: 0.003992557525634766s
12.07.2019 18:04:27: process: 96% at step: 97200 out of 101250   Time needed: 0.003002643585205078s
12.07.2019 18:04:27: process: 97% at step: 98213 out of 101250   Time needed: 0.003977537155151367s
12.07.2019 18:04:27: process: 98% at step: 99225 out of 101250   Time needed: 0.0029981136322021484s
12.07.2019 18:04:27: process: 99% at step: 100238 out of 101250   Time needed: 0.003996849060058594s
12.07.2019 18:04:27: Calculateweights, Rechenzeit für die Iterattion: 0.555858850479126s
12.07.2019 18:04:27: The number of the values in the Weight Matrix 50625
12.07.2019 18:04:27:  The Weight Matrix has 225 Dimensions
12.07.2019 18:04:27: Learning all given Images took: 0.5988306999206543 seconds
12.07.2019 18:04:27: Starting Module: createBinarPixelMap
12.07.2019 18:04:27: Starting to create the Q Vector for given Image
12.07.2019 18:04:27: das RauschBild "noisy1.png " als xMap: [ 1.  1.  1.  1.  1.  1.  1.  1.  1.  1.  1.  1.  1.  1.  1.  1.  1.  1.
  1.  1.  1.  1.  1.  1.  1.  1.  1.  1.  1.  1.  1.  1.  1.  1.  1.  1.
  1.  1.  1.  1.  1.  1.  1.  1.  1.  1.  1.  1.  1.  1.  1.  1.  1.  1.
  1.  1.  1.  1.  1.  1.  1.  1.  1.  1.  1.  1.  1.  1.  1.  1.  1.  1.
  1.  1.  1.  1.  1. -1. -1. -1. -1. -1. -1. -1. -1. -1. -1. -1.  1.  1.
 -1. -1. -1. -1. -1. -1. -1. -1. -1. -1. -1. -1. -1. -1. -1. -1. -1. -1.
 -1. -1. -1. -1. -1. -1. -1. -1. -1. -1. -1. -1. -1. -1. -1. -1. -1. -1.
 -1. -1. -1. -1. -1. -1. -1. -1. -1.  1.  1.  1.  1.  1.  1.  1.  1.  1.
  1.  1.  1. -1. -1.  1.  1.  1.  1.  1.  1.  1.  1.  1.  1.  1.  1.  1.
  1.  1.  1.  1.  1.  1.  1.  1.  1.  1.  1.  1.  1.  1.  1.  1.  1.  1.
  1.  1.  1.  1.  1.  1.  1.  1.  1.  1.  1.  1.  1.  1.  1.  1.  1.  1.
  1.  1.  1.  1.  1.  1.  1.  1.  1.  1.  1.  1.  1.  1.  1.  1.  1.  1.
  1.  1.  1.  1.  1.  1.  1.  1.  1.]
12.07.2019 18:04:27: Starting Module: patternRecognition
12.07.2019 18:04:29: Kovergenz gefunden bei Durchlauf: 748
12.07.2019 18:04:29: Das ist die resultierende xMap:
[ 1.  1.  1.  1.  1.  1.  1.  1.  1.  1.  1.  1.  1.  1.  1.  1.  1.  1.
  1.  1.  1.  1.  1.  1.  1.  1.  1.  1.  1.  1.  1.  1.  1.  1.  1.  1.
  1.  1.  1.  1.  1.  1.  1.  1.  1.  1.  1.  1. -1.  1.  1.  1.  1.  1.
  1.  1.  1.  1.  1.  1.  1.  1. -1. -1.  1.  1.  1.  1.  1.  1.  1.  1.
  1.  1.  1.  1. -1. -1. -1.  1.  1.  1.  1.  1.  1.  1.  1.  1.  1.  1.
 -1. -1. -1. -1. -1. -1. -1. -1. -1. -1. -1. -1. -1. -1. -1. -1. -1. -1.
 -1. -1. -1. -1. -1. -1. -1. -1. -1. -1. -1. -1.  1.  1.  1.  1.  1.  1.
  1.  1.  1.  1.  1.  1.  1.  1.  1.  1.  1.  1.  1.  1.  1.  1.  1.  1.
  1.  1.  1.  1.  1.  1.  1.  1.  1.  1.  1.  1.  1.  1.  1.  1.  1.  1.
  1.  1.  1.  1.  1.  1.  1.  1.  1.  1.  1.  1.  1.  1.  1.  1.  1.  1.
  1.  1.  1.  1.  1.  1.  1.  1.  1.  1.  1.  1.  1.  1.  1.  1.  1.  1.
  1.  1.  1.  1.  1.  1.  1.  1.  1.  1.  1.  1.  1.  1.  1.  1.  1.  1.
  1.  1.  1.  1.  1.  1.  1.  1.  1.]
12.07.2019 18:04:29: XMAPneu: [ 1.  1.  1.  1.  1.  1.  1.  1.  1.  1.  1.  1.  1.  1.  1.  1.  1.  1.
  1.  1.  1.  1.  1.  1.  1.  1.  1.  1.  1.  1.  1.  1.  1.  1.  1.  1.
  1.  1.  1.  1.  1.  1.  1.  1.  1.  1.  1.  1. -1.  1.  1.  1.  1.  1.
  1.  1.  1.  1.  1.  1.  1.  1. -1. -1.  1.  1.  1.  1.  1.  1.  1.  1.
  1.  1.  1.  1. -1. -1. -1.  1.  1.  1.  1.  1.  1.  1.  1.  1.  1.  1.
 -1. -1. -1. -1. -1. -1. -1. -1. -1. -1. -1. -1. -1. -1. -1. -1. -1. -1.
 -1. -1. -1. -1. -1. -1. -1. -1. -1. -1. -1. -1.  1.  1.  1.  1.  1.  1.
  1.  1.  1.  1.  1.  1.  1.  1.  1.  1.  1.  1.  1.  1.  1.  1.  1.  1.
  1.  1.  1.  1.  1.  1.  1.  1.  1.  1.  1.  1.  1.  1.  1.  1.  1.  1.
  1.  1.  1.  1.  1.  1.  1.  1.  1.  1.  1.  1.  1.  1.  1.  1.  1.  1.
  1.  1.  1.  1.  1.  1.  1.  1.  1.  1.  1.  1.  1.  1.  1.  1.  1.  1.
  1.  1.  1.  1.  1.  1.  1.  1.  1.  1.  1.  1.  1.  1.  1.  1.  1.  1.
  1.  1.  1.  1.  1.  1.  1.  1.  1.]
12.07.2019 18:04:29: Time needed for Example: noisy1.png timeneeded:1.1953608989715576
12.07.2019 18:04:32: Starting Module: createBinarPixelMap
12.07.2019 18:04:32: Starting to create the Q Vector for given Image
12.07.2019 18:04:32: das RauschBild "noisy2.png " als xMap: [-1. -1. -1. -1. -1. -1. -1. -1.  1.  1. -1. -1. -1. -1. -1. -1. -1. -1.
 -1. -1. -1. -1. -1. -1. -1. -1. -1. -1. -1. -1. -1. -1. -1. -1. -1. -1.
 -1. -1.  1. -1. -1.  1. -1. -1. -1. -1. -1. -1.  1.  1.  1.  1.  1. -1.
 -1. -1.  1. -1. -1. -1. -1. -1. -1.  1.  1.  1.  1.  1. -1. -1.  1.  1.
 -1. -1. -1. -1. -1. -1.  1.  1.  1.  1. -1. -1. -1.  1.  1. -1. -1. -1.
 -1. -1. -1.  1.  1.  1.  1. -1. -1.  1.  1.  1. -1. -1. -1. -1. -1. -1.
  1.  1.  1. -1. -1. -1.  1.  1.  1. -1. -1. -1. -1. -1. -1.  1.  1.  1.
 -1. -1.  1.  1.  1.  1. -1. -1. -1. -1. -1. -1.  1.  1. -1. -1. -1.  1.
  1.  1.  1. -1. -1. -1. -1. -1. -1.  1.  1. -1. -1.  1.  1.  1.  1.  1.
 -1. -1. -1. -1. -1. -1.  1. -1. -1. -1.  1.  1.  1.  1.  1. -1. -1. -1.
 -1. -1. -1. -1. -1. -1.  1.  1.  1.  1.  1.  1. -1. -1. -1. -1. -1. -1.
 -1. -1. -1.  1.  1.  1.  1.  1.  1. -1. -1. -1. -1. -1. -1. -1. -1.  1.
  1.  1.  1.  1.  1.  1. -1. -1. -1.]
12.07.2019 18:04:32: Starting Module: patternRecognition
12.07.2019 18:04:32: Kovergenz gefunden bei Durchlauf: 440
12.07.2019 18:04:32: Das ist die resultierende xMap:
[-1. -1. -1.  1.  1.  1.  1.  1.  1.  1. -1. -1. -1. -1. -1. -1. -1. -1.
  1.  1.  1.  1.  1.  1. -1. -1. -1. -1. -1. -1. -1. -1. -1.  1.  1.  1.
  1.  1.  1. -1. -1.  1. -1. -1. -1. -1. -1. -1.  1.  1.  1.  1.  1. -1.
 -1. -1.  1. -1. -1. -1. -1. -1. -1.  1.  1.  1.  1.  1. -1. -1.  1.  1.
 -1. -1. -1. -1. -1. -1.  1.  1.  1.  1. -1. -1. -1.  1.  1. -1. -1. -1.
 -1. -1. -1.  1.  1.  1.  1. -1. -1.  1.  1.  1. -1. -1. -1. -1. -1. -1.
  1.  1.  1. -1. -1. -1.  1.  1.  1. -1. -1. -1. -1. -1. -1.  1.  1.  1.
 -1. -1.  1.  1.  1.  1. -1. -1. -1. -1. -1. -1.  1.  1. -1. -1. -1.  1.
  1.  1.  1. -1. -1. -1. -1. -1. -1.  1.  1. -1. -1.  1.  1.  1.  1.  1.
 -1. -1. -1. -1. -1. -1.  1. -1. -1. -1.  1.  1.  1.  1.  1. -1. -1. -1.
 -1. -1. -1. -1. -1. -1.  1.  1.  1.  1.  1.  1. -1. -1. -1. -1. -1. -1.
 -1. -1. -1.  1.  1.  1.  1.  1.  1. -1. -1. -1. -1. -1. -1. -1. -1.  1.
  1.  1.  1.  1.  1.  1. -1. -1. -1.]
12.07.2019 18:04:32: XMAPneu: [-1. -1. -1.  1.  1.  1.  1.  1.  1.  1. -1. -1. -1. -1. -1. -1. -1. -1.
  1.  1.  1.  1.  1.  1. -1. -1. -1. -1. -1. -1. -1. -1. -1.  1.  1.  1.
  1.  1.  1. -1. -1.  1. -1. -1. -1. -1. -1. -1.  1.  1.  1.  1.  1. -1.
 -1. -1.  1. -1. -1. -1. -1. -1. -1.  1.  1.  1.  1.  1. -1. -1.  1.  1.
 -1. -1. -1. -1. -1. -1.  1.  1.  1.  1. -1. -1. -1.  1.  1. -1. -1. -1.
 -1. -1. -1.  1.  1.  1.  1. -1. -1.  1.  1.  1. -1. -1. -1. -1. -1. -1.
  1.  1.  1. -1. -1. -1.  1.  1.  1. -1. -1. -1. -1. -1. -1.  1.  1.  1.
 -1. -1.  1.  1.  1.  1. -1. -1. -1. -1. -1. -1.  1.  1. -1. -1. -1.  1.
  1.  1.  1. -1. -1. -1. -1. -1. -1.  1.  1. -1. -1.  1.  1.  1.  1.  1.
 -1. -1. -1. -1. -1. -1.  1. -1. -1. -1.  1.  1.  1.  1.  1. -1. -1. -1.
 -1. -1. -1. -1. -1. -1.  1.  1.  1.  1.  1.  1. -1. -1. -1. -1. -1. -1.
 -1. -1. -1.  1.  1.  1.  1.  1.  1. -1. -1. -1. -1. -1. -1. -1. -1.  1.
  1.  1.  1.  1.  1.  1. -1. -1. -1.]
12.07.2019 18:04:32: Time needed for Example: noisy2.png timeneeded:0.8697414398193359
